<?xml version="1.0" encoding="UTF-8"?>
<testng-results skipped="0" failed="0" ignored="0" total="2" passed="2">
  <reporter-output>
  </reporter-output>
  <suite name="Default suite" duration-ms="95197" started-at="2019-12-23T07:58:42Z" finished-at="2019-12-23T08:00:17Z">
    <groups>
    </groups>
    <test name="Default test" duration-ms="95197" started-at="2019-12-23T07:58:42Z" finished-at="2019-12-23T08:00:17Z">
      <class name="Demo1">
        <test-method status="PASS" signature="before()[pri:0, instance:Demo1@4c70fda8]" name="before" is-config="true" duration-ms="40247" started-at="2019-12-23T07:58:42Z" finished-at="2019-12-23T07:59:22Z">
          <reporter-output>
          </reporter-output>
        </test-method> <!-- before -->
        <test-method status="PASS" signature="facebook()[pri:0, instance:Demo1@4c70fda8]" name="facebook" duration-ms="8919" started-at="2019-12-23T07:59:22Z" finished-at="2019-12-23T07:59:31Z">
          <reporter-output>
          </reporter-output>
        </test-method> <!-- facebook -->
        <test-method status="PASS" signature="after()[pri:0, instance:Demo1@4c70fda8]" name="after" is-config="true" duration-ms="14709" started-at="2019-12-23T07:59:31Z" finished-at="2019-12-23T07:59:46Z">
          <reporter-output>
          </reporter-output>
        </test-method> <!-- after -->
        <test-method status="PASS" signature="before()[pri:0, instance:Demo1@4c70fda8]" name="before" is-config="true" duration-ms="12595" started-at="2019-12-23T07:59:46Z" finished-at="2019-12-23T07:59:59Z">
          <reporter-output>
          </reporter-output>
        </test-method> <!-- before -->
        <test-method status="PASS" signature="google()[pri:0, instance:Demo1@4c70fda8]" name="google" duration-ms="7629" started-at="2019-12-23T07:59:59Z" finished-at="2019-12-23T08:00:06Z">
          <reporter-output>
          </reporter-output>
        </test-method> <!-- google -->
        <test-method status="PASS" signature="after()[pri:0, instance:Demo1@4c70fda8]" name="after" is-config="true" duration-ms="11012" started-at="2019-12-23T08:00:06Z" finished-at="2019-12-23T08:00:17Z">
          <reporter-output>
          </reporter-output>
        </test-method> <!-- after -->
      </class> <!-- Demo1 -->
    </test> <!-- Default test -->
  </suite> <!-- Default suite -->
</testng-results>
